<?xml version="1.0" encoding="UTF-8"?>
<!-- Generated by org.testng.reporters.JUnitReportReporter -->
<testsuite hostname="toshiba-PC" name="tests.TestBase" tests="1" failures="0" timestamp="20 Aug 2020 07:33:46 GMT" time="18.672" errors="0">
  <testcase name="websiteLaunch" time="18.672" classname="tests.TestBase"/>
</testsuite> <!-- tests.TestBase -->
